This is pdfTeX, Version 3.1415926-2.3-1.40.12 (MiKTeX 2.9) (preloaded format=pdflatex 2017.5.4)  7 MAY 2017 11:31
entering extended mode
**E:/models/main.tex
(E:/models/main.tex
LaTeX2e <2011/06/27>
Babel <v3.8m> and hyphenation patterns for loaded.
(E:\models\IEEEtran.cls
Document Class: IEEEtran 2015/08/26 V1.8b by Michael Shell
-- See the "IEEEtran_HOWTO" manual for usage information.
-- http://www.michaelshell.org/tex/ieeetran/
\@IEEEtrantmpdimenA=\dimen102
\@IEEEtrantmpdimenB=\dimen103
\@IEEEtrantmpdimenC=\dimen104
\@IEEEtrantmpcountA=\count79
\@IEEEtrantmpcountB=\count80
\@IEEEtrantmpcountC=\count81
\@IEEEtrantmptoksA=\toks14
LaTeX Font Info:    Try loading font information for OT1+ptm on input line 503.

(D:\CTex\MiKTeX\tex\latex\psnfss\ot1ptm.fd
File: ot1ptm.fd 2001/06/04 font definitions for OT1/ptm.
)
-- Using 8.5in x 11in (letter) paper.
-- Using PDF output.
\@IEEEnormalsizeunitybaselineskip=\dimen105
-- This is a 10 point document.
\CLASSINFOnormalsizebaselineskip=\dimen106
\CLASSINFOnormalsizeunitybaselineskip=\dimen107
\IEEEnormaljot=\dimen108
LaTeX Font Info:    Font shape `OT1/ptm/bx/n' in size <5> not available
(Font)              Font shape `OT1/ptm/b/n' tried instead on input line 1090.
LaTeX Font Info:    Font shape `OT1/ptm/bx/it' in size <5> not available
(Font)              Font shape `OT1/ptm/b/it' tried instead on input line 1090.

LaTeX Font Info:    Font shape `OT1/ptm/bx/n' in size <7> not available
(Font)              Font shape `OT1/ptm/b/n' tried instead on input line 1090.
LaTeX Font Info:    Font shape `OT1/ptm/bx/it' in size <7> not available
(Font)              Font shape `OT1/ptm/b/it' tried instead on input line 1090.

LaTeX Font Info:    Font shape `OT1/ptm/bx/n' in size <8> not available
(Font)              Font shape `OT1/ptm/b/n' tried instead on input line 1090.
LaTeX Font Info:    Font shape `OT1/ptm/bx/it' in size <8> not available
(Font)              Font shape `OT1/ptm/b/it' tried instead on input line 1090.

LaTeX Font Info:    Font shape `OT1/ptm/bx/n' in size <9> not available
(Font)              Font shape `OT1/ptm/b/n' tried instead on input line 1090.
LaTeX Font Info:    Font shape `OT1/ptm/bx/it' in size <9> not available
(Font)              Font shape `OT1/ptm/b/it' tried instead on input line 1090.

LaTeX Font Info:    Font shape `OT1/ptm/bx/n' in size <10> not available
(Font)              Font shape `OT1/ptm/b/n' tried instead on input line 1090.
LaTeX Font Info:    Font shape `OT1/ptm/bx/it' in size <10> not available
(Font)              Font shape `OT1/ptm/b/it' tried instead on input line 1090.

LaTeX Font Info:    Font shape `OT1/ptm/bx/n' in size <11> not available
(Font)              Font shape `OT1/ptm/b/n' tried instead on input line 1090.
LaTeX Font Info:    Font shape `OT1/ptm/bx/it' in size <11> not available
(Font)              Font shape `OT1/ptm/b/it' tried instead on input line 1090.

LaTeX Font Info:    Font shape `OT1/ptm/bx/n' in size <12> not available
(Font)              Font shape `OT1/ptm/b/n' tried instead on input line 1090.
LaTeX Font Info:    Font shape `OT1/ptm/bx/it' in size <12> not available
(Font)              Font shape `OT1/ptm/b/it' tried instead on input line 1090.

LaTeX Font Info:    Font shape `OT1/ptm/bx/n' in size <17> not available
(Font)              Font shape `OT1/ptm/b/n' tried instead on input line 1090.
LaTeX Font Info:    Font shape `OT1/ptm/bx/it' in size <17> not available
(Font)              Font shape `OT1/ptm/b/it' tried instead on input line 1090.

LaTeX Font Info:    Font shape `OT1/ptm/bx/n' in size <20> not available
(Font)              Font shape `OT1/ptm/b/n' tried instead on input line 1090.
LaTeX Font Info:    Font shape `OT1/ptm/bx/it' in size <20> not available
(Font)              Font shape `OT1/ptm/b/it' tried instead on input line 1090.

LaTeX Font Info:    Font shape `OT1/ptm/bx/n' in size <24> not available
(Font)              Font shape `OT1/ptm/b/n' tried instead on input line 1090.
LaTeX Font Info:    Font shape `OT1/ptm/bx/it' in size <24> not available
(Font)              Font shape `OT1/ptm/b/it' tried instead on input line 1090.

\IEEEquantizedlength=\dimen109
\IEEEquantizedlengthdiff=\dimen110
\IEEEquantizedtextheightdiff=\dimen111
\IEEEilabelindentA=\dimen112
\IEEEilabelindentB=\dimen113
\IEEEilabelindent=\dimen114
\IEEEelabelindent=\dimen115
\IEEEdlabelindent=\dimen116
\IEEElabelindent=\dimen117
\IEEEiednormlabelsep=\dimen118
\IEEEiedmathlabelsep=\dimen119
\IEEEiedtopsep=\skip41
\c@section=\count82
\c@subsection=\count83
\c@subsubsection=\count84
\c@paragraph=\count85
\c@IEEEsubequation=\count86
\abovecaptionskip=\skip42
\belowcaptionskip=\skip43
\c@figure=\count87
\c@table=\count88
\@IEEEeqnnumcols=\count89
\@IEEEeqncolcnt=\count90
\@IEEEsubeqnnumrollback=\count91
\@IEEEquantizeheightA=\dimen120
\@IEEEquantizeheightB=\dimen121
\@IEEEquantizeheightC=\dimen122
\@IEEEquantizeprevdepth=\dimen123
\@IEEEquantizemultiple=\count92
\@IEEEquantizeboxA=\box26
\@IEEEtmpitemindent=\dimen124
\IEEEPARstartletwidth=\dimen125
\c@IEEEbiography=\count93
\@IEEEtranrubishbin=\box27
) (D:\CTex\MiKTeX\tex\latex\graphics\graphicx.sty
Package: graphicx 1999/02/16 v1.0f Enhanced LaTeX Graphics (DPC,SPQR)

(D:\CTex\MiKTeX\tex\latex\graphics\keyval.sty
Package: keyval 1999/03/16 v1.13 key=value parser (DPC)
\KV@toks@=\toks15
)
(D:\CTex\MiKTeX\tex\latex\graphics\graphics.sty
Package: graphics 2009/02/05 v1.0o Standard LaTeX Graphics (DPC,SPQR)

(D:\CTex\MiKTeX\tex\latex\graphics\trig.sty
Package: trig 1999/03/16 v1.09 sin cos tan (DPC)
)
(D:\CTex\MiKTeX\tex\latex\00miktex\graphics.cfg
File: graphics.cfg 2007/01/18 v1.5 graphics configuration of teTeX/TeXLive
)
Package graphics Info: Driver file: pdftex.def on input line 91.

(D:\CTex\MiKTeX\tex\latex\pdftex-def\pdftex.def
File: pdftex.def 2011/05/27 v0.06d Graphics/color for pdfTeX

(D:\CTex\MiKTeX\tex\generic\oberdiek\infwarerr.sty
Package: infwarerr 2010/04/08 v1.3 Providing info/warning/message (HO)
)
(D:\CTex\MiKTeX\tex\generic\oberdiek\ltxcmds.sty
Package: ltxcmds 2011/04/18 v1.20 LaTeX kernel commands for general use (HO)
)
\Gread@gobject=\count94
))
\Gin@req@height=\dimen126
\Gin@req@width=\dimen127
)
(D:\CTex\MiKTeX\tex\latex\ams\math\amsmath.sty
Package: amsmath 2000/07/18 v2.13 AMS math features
\@mathmargin=\skip44

For additional information on amsmath, use the `?' option.
(D:\CTex\MiKTeX\tex\latex\ams\math\amstext.sty
Package: amstext 2000/06/29 v2.01

(D:\CTex\MiKTeX\tex\latex\ams\math\amsgen.sty
File: amsgen.sty 1999/11/30 v2.0
\@emptytoks=\toks16
\ex@=\dimen128
))
(D:\CTex\MiKTeX\tex\latex\ams\math\amsbsy.sty
Package: amsbsy 1999/11/29 v1.2d
\pmbraise@=\dimen129
)
(D:\CTex\MiKTeX\tex\latex\ams\math\amsopn.sty
Package: amsopn 1999/12/14 v2.01 operator names
)
\inf@bad=\count95
LaTeX Info: Redefining \frac on input line 211.
\uproot@=\count96
\leftroot@=\count97
LaTeX Info: Redefining \overline on input line 307.
\classnum@=\count98
\DOTSCASE@=\count99
LaTeX Info: Redefining \ldots on input line 379.
LaTeX Info: Redefining \dots on input line 382.
LaTeX Info: Redefining \cdots on input line 467.
\Mathstrutbox@=\box28
\strutbox@=\box29
\big@size=\dimen130
LaTeX Font Info:    Redeclaring font encoding OML on input line 567.
LaTeX Font Info:    Redeclaring font encoding OMS on input line 568.
\macc@depth=\count100
\c@MaxMatrixCols=\count101
\dotsspace@=\muskip10
\c@parentequation=\count102
\dspbrk@lvl=\count103
\tag@help=\toks17
\row@=\count104
\column@=\count105
\maxfields@=\count106
\andhelp@=\toks18
\eqnshift@=\dimen131
\alignsep@=\dimen132
\tagshift@=\dimen133
\tagwidth@=\dimen134
\totwidth@=\dimen135
\lineht@=\dimen136
\@envbody=\toks19
\multlinegap=\skip45
\multlinetaggap=\skip46
\mathdisplay@stack=\toks20
LaTeX Info: Redefining \[ on input line 2666.
LaTeX Info: Redefining \] on input line 2667.
)
(D:\CTex\MiKTeX\tex\latex\amsfonts\amssymb.sty
Package: amssymb 2009/06/22 v3.00

(D:\CTex\MiKTeX\tex\latex\amsfonts\amsfonts.sty
Package: amsfonts 2009/06/22 v3.00 Basic AMSFonts support
\symAMSa=\mathgroup4
\symAMSb=\mathgroup5
LaTeX Font Info:    Overwriting math alphabet `\mathfrak' in version `bold'
(Font)                  U/euf/m/n --> U/euf/b/n on input line 96.
))
(D:\CTex\MiKTeX\tex\latex\ams\math\amsxtra.sty
Package: amsxtra 1999/11/15 v1.2c
LaTeX Info: Redefining \nobreakspace on input line 77.
)
(D:\CTex\MiKTeX\tex\latex\base\latexsym.sty
Package: latexsym 1998/08/17 v2.2e Standard LaTeX package (lasy symbols)
\symlasy=\mathgroup6
LaTeX Font Info:    Overwriting symbol font `lasy' in version `bold'
(Font)                  U/lasy/m/n --> U/lasy/b/n on input line 47.
)
(D:\CTex\MiKTeX\tex\latex\float\float.sty
Package: float 2001/11/08 v1.3d Float enhancements (AL)
\c@float@type=\count107
\float@exts=\toks21
\float@box=\box30
\@float@everytoks=\toks22
\@floatcapt=\box31
)
(D:\CTex\MiKTeX\tex\latex\cite\cite.sty
LaTeX Info: Redefining \cite on input line 302.
LaTeX Info: Redefining \nocite on input line 373.
Package: cite 2010/09/10  v 5.3
)
(D:\CTex\MiKTeX\tex\latex\caption\subcaption.sty
Package: subcaption 2011/10/30 v1.1c Sub-captions (AR)

(D:\CTex\MiKTeX\tex\latex\caption\caption.sty
Package: caption 2011/11/10 v3.2e Customizing captions (AR)

(D:\CTex\MiKTeX\tex\latex\caption\caption3.sty
Package: caption3 2011/11/01 v1.4a caption3 kernel (AR)
\captionmargin=\dimen137
\captionmargin@=\dimen138
\captionwidth=\dimen139
\caption@indent=\dimen140
\caption@parindent=\dimen141
\caption@hangindent=\dimen142
Package caption Info: Unknown document class (or package),
(caption)             standard defaults will be used.
)

Package caption Warning: Unsupported document class (or package) detected,
(caption)                usage of the caption package is not recommended.
See the caption package documentation for explanation.

Package caption Info: \@makecaption = \long macro:#1#2->\ifx \@captype \@IEEEta
blestring \footnotesize \bgroup \par \centering \@IEEEtabletopskipstrut {\norma
lfont \footnotesize #1}\\{\normalfont \footnotesize \scshape #2}\par \addvspace
 {0.5\baselineskip }\egroup \@IEEEtablecaptionsepspace \else \@IEEEfigurecaptio
nsepspace \setbox \@tempboxa \hbox {\normalfont \footnotesize {#1.}\nobreakspac
e \nobreakspace #2}\ifdim \wd \@tempboxa >\hsize \setbox \@tempboxa \hbox {\nor
malfont \footnotesize {#1.}\nobreakspace \nobreakspace }\parbox [t]{\hsize }{\n
ormalfont \footnotesize \noindent \unhbox \@tempboxa #2}\else \ifCLASSOPTIONcon
ference \hbox to\hsize {\normalfont \footnotesize \hfil \box \@tempboxa \hfil }
\else \hbox to\hsize {\normalfont \footnotesize \box \@tempboxa \hfil }\fi \fi 
\fi .
\c@ContinuedFloat=\count108
Package caption Info: float package is loaded.
)
\c@subfigure=\count109
\c@subtable=\count110
) (D:\CTex\MiKTeX\tex\latex\oberdiek\epstopdf.sty
Package: epstopdf 2010/02/09 v2.5 Conversion with epstopdf on the fly (HO)

(D:\CTex\MiKTeX\tex\latex\oberdiek\epstopdf-base.sty
Package: epstopdf-base 2010/02/09 v2.5 Base part for package epstopdf

(D:\CTex\MiKTeX\tex\latex\oberdiek\grfext.sty
Package: grfext 2010/08/19 v1.1 Managing graphics extensions (HO)

(D:\CTex\MiKTeX\tex\generic\oberdiek\kvdefinekeys.sty
Package: kvdefinekeys 2011/04/07 v1.3 Defining keys (HO)
))
(D:\CTex\MiKTeX\tex\latex\oberdiek\kvoptions.sty
Package: kvoptions 2010/12/23 v3.10 Keyval support for LaTeX options (HO)

(D:\CTex\MiKTeX\tex\generic\oberdiek\kvsetkeys.sty
Package: kvsetkeys 2011/04/07 v1.13 Key value parser (HO)

(D:\CTex\MiKTeX\tex\generic\oberdiek\etexcmds.sty
Package: etexcmds 2011/02/16 v1.5 Prefix for e-TeX command names (HO)

(D:\CTex\MiKTeX\tex\generic\oberdiek\ifluatex.sty
Package: ifluatex 2010/03/01 v1.3 Provides the ifluatex switch (HO)
Package ifluatex Info: LuaTeX not detected.
)
Package etexcmds Info: Could not find \expanded.
(etexcmds)             That can mean that you are not using pdfTeX 1.50 or
(etexcmds)             that some package has redefined \expanded.
(etexcmds)             In the latter case, load this package earlier.
)))
(D:\CTex\MiKTeX\tex\generic\oberdiek\pdftexcmds.sty
Package: pdftexcmds 2011/04/22 v0.16 Utilities of pdfTeX for LuaTeX (HO)

(D:\CTex\MiKTeX\tex\generic\oberdiek\ifpdf.sty
Package: ifpdf 2011/01/30 v2.3 Provides the ifpdf switch (HO)
Package ifpdf Info: pdfTeX in PDF mode is detected.
)
Package pdftexcmds Info: LuaTeX not detected.
Package pdftexcmds Info: \pdf@primitive is available.
Package pdftexcmds Info: \pdf@ifprimitive is available.
Package pdftexcmds Info: \pdfdraftmode found.
)
Package grfext Info: Graphics extension search list:
(grfext)             [.png,.pdf,.jpg,.mps,.jpeg,.jbig2,.jb2,.PNG,.PDF,.JPG,.JPE
G,.JBIG2,.JB2,.eps]
(grfext)             \AppendGraphicsExtensions on input line 452.
)) (E:\models\main.aux)
LaTeX Font Info:    Checking defaults for OML/cmm/m/it on input line 25.
LaTeX Font Info:    ... okay on input line 25.
LaTeX Font Info:    Checking defaults for T1/cmr/m/n on input line 25.
LaTeX Font Info:    ... okay on input line 25.
LaTeX Font Info:    Checking defaults for OT1/cmr/m/n on input line 25.
LaTeX Font Info:    ... okay on input line 25.
LaTeX Font Info:    Checking defaults for OMS/cmsy/m/n on input line 25.
LaTeX Font Info:    ... okay on input line 25.
LaTeX Font Info:    Checking defaults for OMX/cmex/m/n on input line 25.
LaTeX Font Info:    ... okay on input line 25.
LaTeX Font Info:    Checking defaults for U/cmr/m/n on input line 25.
LaTeX Font Info:    ... okay on input line 25.

-- Lines per column: 56 (exact).
(D:\CTex\MiKTeX\tex\context\base\supp-pdf.mkii
[Loading MPS to PDF converter (version 2006.09.02).]
\scratchcounter=\count111
\scratchdimen=\dimen143
\scratchbox=\box32
\nofMPsegments=\count112
\nofMParguments=\count113
\everyMPshowfont=\toks23
\MPscratchCnt=\count114
\MPscratchDim=\dimen144
\MPnumerator=\count115
\makeMPintoPDFobject=\count116
\everyMPtoPDFconversion=\toks24
)
Package caption Info: Begin \AtBeginDocument code.
Package caption Info: End \AtBeginDocument code.
LaTeX Font Info:    Calculating math sizes for size <11> on input line 36.
LaTeX Font Info:    Try loading font information for U+msa on input line 36.
 (D:\CTex\MiKTeX\tex\latex\amsfonts\umsa.fd
File: umsa.fd 2009/06/22 v3.00 AMS symbols A
)
LaTeX Font Info:    Try loading font information for U+msb on input line 36.

(D:\CTex\MiKTeX\tex\latex\amsfonts\umsb.fd
File: umsb.fd 2009/06/22 v3.00 AMS symbols B
)
LaTeX Font Info:    Try loading font information for U+lasy on input line 36.

(D:\CTex\MiKTeX\tex\latex\base\ulasy.fd
File: ulasy.fd 1998/08/17 v2.2e LaTeX symbol font definitions
)

LaTeX Warning: Reference `sec:conslusion' on page 1 undefined on input line 51.


Package epstopdf Info: Source file: <figs/1a.eps>
(epstopdf)                    date: 2017-04-16 21:19:40
(epstopdf)                    size: 279839 bytes
(epstopdf)             Output file: <figs/1a-eps-converted-to.pdf>
(epstopdf)                    date: 2017-04-17 17:05:00
(epstopdf)                    size: 22862 bytes
(epstopdf)             Command: <epstopdf --outfile=figs/1a-eps-converted-to.pd
f figs/1a.eps>
(epstopdf)             \includegraphics on input line 58.
Package epstopdf Info: Output file is already uptodate.
<figs/1a-eps-converted-to.pdf, id=1, 202.7575pt x 172.645pt>
File: figs/1a-eps-converted-to.pdf Graphic file (type pdf)

<use figs/1a-eps-converted-to.pdf>
Package pdftex.def Info: figs/1a-eps-converted-to.pdf used on input line 58.
(pdftex.def)             Requested size: 154.80157pt x 131.8148pt.
Package epstopdf Info: Source file: <figs/1b.eps>
(epstopdf)                    date: 2017-04-16 21:23:24
(epstopdf)                    size: 1061140 bytes
(epstopdf)             Output file: <figs/1b-eps-converted-to.pdf>
(epstopdf)                    date: 2017-04-17 18:02:10
(epstopdf)                    size: 30408 bytes
(epstopdf)             Command: <epstopdf --outfile=figs/1b-eps-converted-to.pd
f figs/1b.eps>
(epstopdf)             \includegraphics on input line 62.
Package epstopdf Info: Output file is already uptodate.

<figs/1b-eps-converted-to.pdf, id=2, 399.4925pt x 412.54124pt>
File: figs/1b-eps-converted-to.pdf Graphic file (type pdf)

<use figs/1b-eps-converted-to.pdf>
Package pdftex.def Info: figs/1b-eps-converted-to.pdf used on input line 62.
(pdftex.def)             Requested size: 128.03526pt x 142.26393pt.

Underfull \hbox (badness 10000) in paragraph at lines 62--64
[][]
 []

Package epstopdf Info: Source file: <figs/1c.eps>
(epstopdf)                    date: 2017-04-16 21:24:34
(epstopdf)                    size: 612089 bytes
(epstopdf)             Output file: <figs/1c-eps-converted-to.pdf>
(epstopdf)                    date: 2017-04-17 18:04:26
(epstopdf)                    size: 24411 bytes
(epstopdf)             Command: <epstopdf --outfile=figs/1c-eps-converted-to.pd
f figs/1c.eps>
(epstopdf)             \includegraphics on input line 66.
Package epstopdf Info: Output file is already uptodate.
<figs/1c-eps-converted-to.pdf, id=3, 240.9pt x 379.4175pt>
File: figs/1c-eps-converted-to.pdf Graphic file (type pdf)

<use figs/1c-eps-converted-to.pdf>
Package pdftex.def Info: figs/1c-eps-converted-to.pdf used on input line 66.
(pdftex.def)             Requested size: 85.3565pt x 142.26384pt.


Package caption Warning: \label without proper \caption on input line 59.
See the caption package documentation for explanation.


LaTeX Warning: Reference `fig:volunteer' on page 1 undefined on input line 75.


Package caption Warning: \label without proper \caption on input line 63.
See the caption package documentation for explanation.


LaTeX Warning: Reference `fig:placement' on page 1 undefined on input line 75.


Package caption Warning: \label without proper \caption on input line 67.
See the caption package documentation for explanation.


LaTeX Warning: Reference `fig:polarization_direction' on page 1 undefined on in
put line 100.

[1{D:/CTex/UserData/pdftex/config/pdftex.map{Unicode.sfd}{UGBK.sfd}}


]
Overfull \hbox (29.9211pt too wide) in paragraph at lines 131--132
 [][] 
 []

Package epstopdf Info: Source file: <figs/6.eps>
(epstopdf)                    date: 2017-05-06 16:46:43
(epstopdf)                    size: 879106 bytes
(epstopdf)             Output file: <figs/6-eps-converted-to.pdf>
(epstopdf)                    date: 2017-05-06 17:26:28
(epstopdf)                    size: 24821 bytes
(epstopdf)             Command: <epstopdf --outfile=figs/6-eps-converted-to.pdf
 figs/6.eps>
(epstopdf)             \includegraphics on input line 141.
Package epstopdf Info: Output file is already uptodate.
<figs/6-eps-converted-to.pdf, id=12, 501.875pt x 320.19624pt>
File: figs/6-eps-converted-to.pdf Graphic file (type pdf)

<use figs/6-eps-converted-to.pdf>
Package pdftex.def Info: figs/6-eps-converted-to.pdf used on input line 141.
(pdftex.def)             Requested size: 258.0pt x 164.6122pt.

Overfull \hbox (6.0pt too wide) in paragraph at lines 141--141
 [][] 
 []

[2 <E:/models/figs/1a-eps-converted-to.pdf> <E:/models/figs/1b-eps-converted-to
.pdf> <E:/models/figs/1c-eps-converted-to.pdf> <E:/models/figs/6-eps-converted-
to.pdf>]
Package epstopdf Info: Source file: <figs/2.eps>
(epstopdf)                    date: 2017-04-16 21:28:54
(epstopdf)                    size: 509680 bytes
(epstopdf)             Output file: <figs/2-eps-converted-to.pdf>
(epstopdf)                    date: 2017-04-17 21:58:00
(epstopdf)                    size: 21729 bytes
(epstopdf)             Command: <epstopdf --outfile=figs/2-eps-converted-to.pdf
 figs/2.eps>
(epstopdf)             \includegraphics on input line 157.
Package epstopdf Info: Output file is already uptodate.
 <figs/2-eps-converted-to.pdf, id=47, 362.35374pt x 204.765pt>
File: figs/2-eps-converted-to.pdf Graphic file (type pdf)

<use figs/2-eps-converted-to.pdf>
Package pdftex.def Info: figs/2-eps-converted-to.pdf used on input line 157.
(pdftex.def)             Requested size: 206.39685pt x 116.63602pt.
Package epstopdf Info: Source file: <figs/3a.eps>
(epstopdf)                    date: 2017-04-15 22:01:06
(epstopdf)                    size: 657444 bytes
(epstopdf)             Output file: <figs/3a-eps-converted-to.pdf>
(epstopdf)                    date: 2017-04-18 19:25:12
(epstopdf)                    size: 22507 bytes
(epstopdf)             Command: <epstopdf --outfile=figs/3a-eps-converted-to.pd
f figs/3a.eps>
(epstopdf)             \includegraphics on input line 166.
Package epstopdf Info: Output file is already uptodate.

<figs/3a-eps-converted-to.pdf, id=48, 531.9875pt x 190.7125pt>
File: figs/3a-eps-converted-to.pdf Graphic file (type pdf)

<use figs/3a-eps-converted-to.pdf>
Package pdftex.def Info: figs/3a-eps-converted-to.pdf used on input line 166.
(pdftex.def)             Requested size: 398.34837pt x 113.81145pt.
Package epstopdf Info: Source file: <figs/3b.eps>
(epstopdf)                    date: 2017-04-16 20:55:42
(epstopdf)                    size: 658767 bytes
(epstopdf)             Output file: <figs/3b-eps-converted-to.pdf>
(epstopdf)                    date: 2017-04-18 19:25:12
(epstopdf)                    size: 22272 bytes
(epstopdf)             Command: <epstopdf --outfile=figs/3b-eps-converted-to.pd
f figs/3b.eps>
(epstopdf)             \includegraphics on input line 172.
Package epstopdf Info: Output file is already uptodate.

<figs/3b-eps-converted-to.pdf, id=49, 531.9875pt x 190.7125pt>
File: figs/3b-eps-converted-to.pdf Graphic file (type pdf)

<use figs/3b-eps-converted-to.pdf>
Package pdftex.def Info: figs/3b-eps-converted-to.pdf used on input line 172.
(pdftex.def)             Requested size: 398.34837pt x 113.81145pt.


LaTeX Warning: Reference `eq:1' on page 3 undefined on input line 180.


Underfull \hbox (badness 1728) in paragraph at lines 180--181
[]\OT1/ptm/m/n/10 To quan-tize the re-ceiv-ing ad-van-tage of re-ceiv-ing $\OML
/cmm/m/it/10 V$\OT1/ptm/m/n/10 -
 []


Underfull \hbox (badness 3701) in paragraph at lines 204--205
[]\OT1/ptm/m/n/10 We s-tud-ied the de-polarization in 6 chan-nel cross-
 []

[3 <E:/models/figs/2-eps-converted-to.pdf>]

** Conference Paper **
Before submitting the final camera ready copy, remember to:

 1. Manually equalize the lengths of two columns on the last page
 of your paper;

 2. Ensure that any PostScript and/or PDF output post-processing
 uses only Type 1 fonts and that every step in the generation
 process uses the appropriate paper size.

[4 <E:/models/figs/3a-eps-converted-to.pdf> <E:/models/figs/3b-eps-converted-to
.pdf>] (E:\models\main.aux)

LaTeX Warning: There were undefined references.

 ) 
Here is how much of TeX's memory you used:
 4510 strings out of 495354
 69412 string characters out of 3183860
 137795 words of memory out of 3000000
 7599 multiletter control sequences out of 15000+200000
 44598 words of font info for 103 fonts, out of 3000000 for 9000
 17 hyphenation exceptions out of 8191
 42i,10n,40p,1401b,409s stack positions out of 5000i,500n,10000p,200000b,50000s
{D:/CTex/MiKTeX/fonts/enc/dvips/fontname/8r.enc}<D:/CTex/MiKTeX/fonts/type1/p
ublic/amsfonts/cm/cmex10.pfb><D:/CTex/MiKTeX/fonts/type1/public/amsfonts/cm/cmm
i10.pfb><D:/CTex/MiKTeX/fonts/type1/public/amsfonts/cm/cmmi7.pfb><D:/CTex/MiKTe
X/fonts/type1/public/amsfonts/cm/cmr10.pfb><D:/CTex/MiKTeX/fonts/type1/public/a
msfonts/cm/cmr8.pfb><D:/CTex/MiKTeX/fonts/type1/public/amsfonts/cm/cmsy10.pfb><
D:/CTex/MiKTeX/fonts/type1/urw/times/utmb8a.pfb><D:/CTex/MiKTeX/fonts/type1/urw
/times/utmbi8a.pfb><D:/CTex/MiKTeX/fonts/type1/urw/times/utmr8a.pfb><D:/CTex/Mi
KTeX/fonts/type1/urw/times/utmri8a.pfb>
Output written on main.pdf (4 pages, 281289 bytes).
PDF statistics:
 112 PDF objects out of 1000 (max. 8388607)
 0 named destinations out of 1000 (max. 500000)
 36 words of extra memory for PDF output out of 10000 (max. 10000000)

